<?xml version="1.0" encoding="UTF-8"?>
<!-- Generated by org.testng.reporters.JUnitReportReporter -->
<testsuite hostname="Divars-MacBook-Pro-4.local" failures="0" tests="1" name="test_cases.ApplyJobs" time="3.383" errors="0" timestamp="2022-06-29T14:44:23 IRDT" skipped="0">
  <testcase classname="test_cases.ApplyJobs" name="applyToQAPosition" time="3.383"/>
  <system-out/>
</testsuite> <!-- test_cases.ApplyJobs -->
